  final.c
c:\users\gio-o\source\repos\syntaxanalyzer\syntaxanalyzer\final.c(100): warning C4047: '=' : les niveaux d'indirection de 'char' et de 'char [26]' sont différents
c:\users\gio-o\source\repos\syntaxanalyzer\syntaxanalyzer\final.c(101): warning C4047: '=' : les niveaux d'indirection de 'char' et de 'char *' sont différents
c:\users\gio-o\source\repos\syntaxanalyzer\syntaxanalyzer\final.c(109): warning C4047: '=' : les niveaux d'indirection de 'char' et de 'char [28]' sont différents
c:\users\gio-o\source\repos\syntaxanalyzer\syntaxanalyzer\final.c(110): warning C4047: '=' : les niveaux d'indirection de 'char' et de 'char *' sont différents
c:\users\gio-o\source\repos\syntaxanalyzer\syntaxanalyzer\final.c(122): warning C4047: '=' : les niveaux d'indirection de 'char' et de 'char [21]' sont différents
c:\users\gio-o\source\repos\syntaxanalyzer\syntaxanalyzer\final.c(123): warning C4047: '=' : les niveaux d'indirection de 'char' et de 'char *' sont différents
c:\users\gio-o\source\repos\syntaxanalyzer\syntaxanalyzer\final.c(143): warning C4047: '=' : les niveaux d'indirection de 'char' et de 'char [35]' sont différents
c:\users\gio-o\source\repos\syntaxanalyzer\syntaxanalyzer\final.c(144): warning C4047: '=' : les niveaux d'indirection de 'char' et de 'char *' sont différents
c:\users\gio-o\source\repos\syntaxanalyzer\syntaxanalyzer\final.c(167): warning C4047: '=' : les niveaux d'indirection de 'char' et de 'char [40]' sont différents
c:\users\gio-o\source\repos\syntaxanalyzer\syntaxanalyzer\final.c(168): warning C4047: '=' : les niveaux d'indirection de 'char' et de 'char *' sont différents
c:\users\gio-o\source\repos\syntaxanalyzer\syntaxanalyzer\final.c(188): warning C4047: '=' : les niveaux d'indirection de 'char' et de 'char [23]' sont différents
c:\users\gio-o\source\repos\syntaxanalyzer\syntaxanalyzer\final.c(189): warning C4047: '=' : les niveaux d'indirection de 'char' et de 'char *' sont différents
c:\users\gio-o\source\repos\syntaxanalyzer\syntaxanalyzer\final.c(204): warning C4047: '=' : les niveaux d'indirection de 'char' et de 'char [29]' sont différents
c:\users\gio-o\source\repos\syntaxanalyzer\syntaxanalyzer\final.c(205): warning C4047: '=' : les niveaux d'indirection de 'char' et de 'char *' sont différents
c:\users\gio-o\source\repos\syntaxanalyzer\syntaxanalyzer\final.c(225): warning C4047: '=' : les niveaux d'indirection de 'char' et de 'char [21]' sont différents
c:\users\gio-o\source\repos\syntaxanalyzer\syntaxanalyzer\final.c(226): warning C4047: '=' : les niveaux d'indirection de 'char' et de 'char *' sont différents
c:\users\gio-o\source\repos\syntaxanalyzer\syntaxanalyzer\final.c(233): warning C4047: '=' : les niveaux d'indirection de 'char' et de 'char [19]' sont différents
c:\users\gio-o\source\repos\syntaxanalyzer\syntaxanalyzer\final.c(234): warning C4047: '=' : les niveaux d'indirection de 'char' et de 'char *' sont différents
c:\users\gio-o\source\repos\syntaxanalyzer\syntaxanalyzer\final.c(248): warning C4047: '=' : les niveaux d'indirection de 'char' et de 'char [21]' sont différents
c:\users\gio-o\source\repos\syntaxanalyzer\syntaxanalyzer\final.c(249): warning C4047: '=' : les niveaux d'indirection de 'char' et de 'char *' sont différents
c:\users\gio-o\source\repos\syntaxanalyzer\syntaxanalyzer\final.c(280): warning C4047: '=' : les niveaux d'indirection de 'char' et de 'char [23]' sont différents
c:\users\gio-o\source\repos\syntaxanalyzer\syntaxanalyzer\final.c(281): warning C4047: '=' : les niveaux d'indirection de 'char' et de 'char *' sont différents
c:\users\gio-o\source\repos\syntaxanalyzer\syntaxanalyzer\final.c(287): warning C4047: '=' : les niveaux d'indirection de 'char' et de 'char [23]' sont différents
c:\users\gio-o\source\repos\syntaxanalyzer\syntaxanalyzer\final.c(288): warning C4047: '=' : les niveaux d'indirection de 'char' et de 'char *' sont différents
c:\users\gio-o\source\repos\syntaxanalyzer\syntaxanalyzer\final.c(294): warning C4047: '=' : les niveaux d'indirection de 'char' et de 'char [21]' sont différents
c:\users\gio-o\source\repos\syntaxanalyzer\syntaxanalyzer\final.c(295): warning C4047: '=' : les niveaux d'indirection de 'char' et de 'char *' sont différents
c:\users\gio-o\source\repos\syntaxanalyzer\syntaxanalyzer\final.c(301): warning C4047: '=' : les niveaux d'indirection de 'char' et de 'char [23]' sont différents
c:\users\gio-o\source\repos\syntaxanalyzer\syntaxanalyzer\final.c(302): warning C4047: '=' : les niveaux d'indirection de 'char' et de 'char *' sont différents
c:\users\gio-o\source\repos\syntaxanalyzer\syntaxanalyzer\final.c(308): warning C4047: '=' : les niveaux d'indirection de 'char' et de 'char [23]' sont différents
c:\users\gio-o\source\repos\syntaxanalyzer\syntaxanalyzer\final.c(309): warning C4047: '=' : les niveaux d'indirection de 'char' et de 'char *' sont différents
c:\users\gio-o\source\repos\syntaxanalyzer\syntaxanalyzer\final.c(315): warning C4047: '=' : les niveaux d'indirection de 'char' et de 'char [23]' sont différents
c:\users\gio-o\source\repos\syntaxanalyzer\syntaxanalyzer\final.c(316): warning C4047: '=' : les niveaux d'indirection de 'char' et de 'char *' sont différents
c:\users\gio-o\source\repos\syntaxanalyzer\syntaxanalyzer\final.c(322): warning C4047: '=' : les niveaux d'indirection de 'char' et de 'char [23]' sont différents
c:\users\gio-o\source\repos\syntaxanalyzer\syntaxanalyzer\final.c(323): warning C4047: '=' : les niveaux d'indirection de 'char' et de 'char *' sont différents
c:\users\gio-o\source\repos\syntaxanalyzer\syntaxanalyzer\final.c(346): warning C4047: '=' : les niveaux d'indirection de 'char' et de 'char [23]' sont différents
c:\users\gio-o\source\repos\syntaxanalyzer\syntaxanalyzer\final.c(347): warning C4047: '=' : les niveaux d'indirection de 'char' et de 'char *' sont différents
c:\users\gio-o\source\repos\syntaxanalyzer\syntaxanalyzer\final.c(353): warning C4047: '=' : les niveaux d'indirection de 'char' et de 'char [23]' sont différents
c:\users\gio-o\source\repos\syntaxanalyzer\syntaxanalyzer\final.c(354): warning C4047: '=' : les niveaux d'indirection de 'char' et de 'char *' sont différents
c:\users\gio-o\source\repos\syntaxanalyzer\syntaxanalyzer\final.c(360): warning C4047: '=' : les niveaux d'indirection de 'char' et de 'char [23]' sont différents
c:\users\gio-o\source\repos\syntaxanalyzer\syntaxanalyzer\final.c(361): warning C4047: '=' : les niveaux d'indirection de 'char' et de 'char *' sont différents
c:\users\gio-o\source\repos\syntaxanalyzer\syntaxanalyzer\final.c(367): warning C4047: '=' : les niveaux d'indirection de 'char' et de 'char [23]' sont différents
c:\users\gio-o\source\repos\syntaxanalyzer\syntaxanalyzer\final.c(368): warning C4047: '=' : les niveaux d'indirection de 'char' et de 'char *' sont différents
c:\users\gio-o\source\repos\syntaxanalyzer\syntaxanalyzer\final.c(374): warning C4047: '=' : les niveaux d'indirection de 'char' et de 'char [22]' sont différents
c:\users\gio-o\source\repos\syntaxanalyzer\syntaxanalyzer\final.c(375): warning C4047: '=' : les niveaux d'indirection de 'char' et de 'char *' sont différents
c:\users\gio-o\source\repos\syntaxanalyzer\syntaxanalyzer\final.c(391): warning C4047: '=' : les niveaux d'indirection de 'char' et de 'char [56]' sont différents
c:\users\gio-o\source\repos\syntaxanalyzer\syntaxanalyzer\final.c(392): warning C4047: '=' : les niveaux d'indirection de 'char' et de 'char *' sont différents
c:\users\gio-o\source\repos\syntaxanalyzer\syntaxanalyzer\final.c(412): warning C4047: '=' : les niveaux d'indirection de 'char' et de 'char [22]' sont différents
c:\users\gio-o\source\repos\syntaxanalyzer\syntaxanalyzer\final.c(413): warning C4047: '=' : les niveaux d'indirection de 'char' et de 'char *' sont différents
c:\users\gio-o\source\repos\syntaxanalyzer\syntaxanalyzer\final.c(419): warning C4047: '=' : les niveaux d'indirection de 'char' et de 'char [26]' sont différents
c:\users\gio-o\source\repos\syntaxanalyzer\syntaxanalyzer\final.c(420): warning C4047: '=' : les niveaux d'indirection de 'char' et de 'char *' sont différents
c:\users\gio-o\source\repos\syntaxanalyzer\syntaxanalyzer\final.c(427): warning C4047: '=' : les niveaux d'indirection de 'char' et de 'char [36]' sont différents
c:\users\gio-o\source\repos\syntaxanalyzer\syntaxanalyzer\final.c(428): warning C4047: '=' : les niveaux d'indirection de 'char' et de 'char *' sont différents
c:\users\gio-o\source\repos\syntaxanalyzer\syntaxanalyzer\final.c(447): warning C4047: '=' : les niveaux d'indirection de 'char' et de 'char [28]' sont différents
c:\users\gio-o\source\repos\syntaxanalyzer\syntaxanalyzer\final.c(448): warning C4047: '=' : les niveaux d'indirection de 'char' et de 'char *' sont différents
c:\users\gio-o\source\repos\syntaxanalyzer\syntaxanalyzer\final.c(455): warning C4047: '=' : les niveaux d'indirection de 'char' et de 'char [32]' sont différents
c:\users\gio-o\source\repos\syntaxanalyzer\syntaxanalyzer\final.c(456): warning C4047: '=' : les niveaux d'indirection de 'char' et de 'char *' sont différents
c:\users\gio-o\source\repos\syntaxanalyzer\syntaxanalyzer\final.c(479): warning C4047: '=' : les niveaux d'indirection de 'char' et de 'char [23]' sont différents
c:\users\gio-o\source\repos\syntaxanalyzer\syntaxanalyzer\final.c(480): warning C4047: '=' : les niveaux d'indirection de 'char' et de 'char *' sont différents
c:\users\gio-o\source\repos\syntaxanalyzer\syntaxanalyzer\final.c(487): warning C4047: '=' : les niveaux d'indirection de 'char' et de 'char [23]' sont différents
c:\users\gio-o\source\repos\syntaxanalyzer\syntaxanalyzer\final.c(488): warning C4047: '=' : les niveaux d'indirection de 'char' et de 'char *' sont différents
c:\users\gio-o\source\repos\syntaxanalyzer\syntaxanalyzer\final.c(494): warning C4047: '=' : les niveaux d'indirection de 'char' et de 'char [23]' sont différents
c:\users\gio-o\source\repos\syntaxanalyzer\syntaxanalyzer\final.c(495): warning C4047: '=' : les niveaux d'indirection de 'char' et de 'char *' sont différents
c:\users\gio-o\source\repos\syntaxanalyzer\syntaxanalyzer\final.c(502): warning C4047: '=' : les niveaux d'indirection de 'char' et de 'char [31]' sont différents
c:\users\gio-o\source\repos\syntaxanalyzer\syntaxanalyzer\final.c(503): warning C4047: '=' : les niveaux d'indirection de 'char' et de 'char *' sont différents
c:\users\gio-o\source\repos\syntaxanalyzer\syntaxanalyzer\final.c(523): warning C4047: '=' : les niveaux d'indirection de 'char' et de 'char [19]' sont différents
c:\users\gio-o\source\repos\syntaxanalyzer\syntaxanalyzer\final.c(524): warning C4047: '=' : les niveaux d'indirection de 'char' et de 'char *' sont différents
c:\users\gio-o\source\repos\syntaxanalyzer\syntaxanalyzer\final.c(555): warning C4098: 'main' : fonction 'void' retournant une valeur
  test.c
  Génération de code en cours
  All 20 functions were compiled because no usable IPDB/IOBJ from previous compilation was found.
  Fin de la génération du code
  SyntaxAnalyzer.vcxproj -> C:\Users\Gio-o\source\repos\SyntaxAnalyzer\Release\SyntaxAnalyzer.exe
